make all --print-data-base --no-builtin-variables --no-builtin-rules --question
# GNU Make 4.2.1
# Built for x86_64-pc-linux-gnu
# Copyright (C) 1988-2016 Free Software Foundation, Inc.
# License GPLv3+: GNU GPL version 3 or later <http://gnu.org/licenses/gpl.html>
# This is free software: you are free to change and redistribute it.
# There is NO WARRANTY, to the extent permitted by law.

# Make data base, printed on Sat Aug  6 17:18:06 2022

# Variables

# 'override' directive
GNUMAKEFLAGS := 
# automatic
<D = $(patsubst %/,%,$(dir $<))
# automatic
?F = $(notdir $?)
# environment
DESKTOP_SESSION = ubuntu
# default
.SHELLFLAGS := -c
# environment
XDG_SESSION_CLASS = user
# environment
XDG_SESSION_TYPE = x11
# automatic
?D = $(patsubst %/,%,$(dir $?))
# automatic
@D = $(patsubst %/,%,$(dir $@))
# environment
XAUTHORITY = /run/user/1000/gdm/Xauthority
# environment
GDMSESSION = ubuntu
# environment
XMODIFIERS = @im=ibus
# makefile
CURDIR := /home/daelus/Desktop/C++/1
# makefile
SHELL = /bin/sh
# environment
VSCODE_NLS_CONFIG = {"locale":"en-us","availableLanguages":{},"_languagePackSupport":true}
# environment
_ = /usr/bin/dbus-update-activation-environment
# makefile (from 'makefile', line 9)
CFLAGS = -w
# makefile (from 'makefile', line 2)
objects = 1 2 3
# environment
JOURNAL_STREAM = 8:52633
# environment
XDG_CONFIG_DIRS = /etc/xdg/xdg-ubuntu:/etc/xdg
# makefile (from 'makefile', line 1)
MAKEFILE_LIST :=  makefile
# automatic
@F = $(notdir $@)
# environment
IM_CONFIG_PHASE = 1
# environment
USERNAME = daelus
# environment
MAKELEVEL := 0
# environment
MANDATORY_PATH = /usr/share/gconf/ubuntu.mandatory.path
# environment
XDG_DATA_DIRS = /usr/share/ubuntu:/usr/local/share/:/usr/share/:/var/lib/snapd/desktop
# environment
DBUS_SESSION_BUS_ADDRESS = unix:path=/run/user/1000/bus,guid=76b8e36d11fbb204a819554362eec5d7
# environment
MANAGERPID = 2080
# environment
LC_NAME = es_CL.UTF-8
# environment
VSCODE_CWD = /home/daelus
# default
MAKE_HOST := x86_64-pc-linux-gnu
# environment
PATH = /home/daelus/.local/bin:/home/daelus/bin:/usr/local/sbin:/usr/local/bin:/usr/sbin:/usr/bin:/sbin:/bin:/usr/games:/usr/local/games:/snap/bin
# environment
GPG_AGENT_INFO = /run/user/1000/gnupg/S.gpg-agent:0:1
# environment
SESSION_MANAGER = local/euclides:@/tmp/.ICE-unix/2299,unix/euclides:/tmp/.ICE-unix/2299
# environment
XDG_RUNTIME_DIR = /run/user/1000
# environment
XDG_MENU_PREFIX = gnome-
# environment
ELECTRON_RUN_AS_NODE = 1
# environment
INVOCATION_ID = e95462869344403ebab59e44d7f813cd
# default
.FEATURES := target-specific order-only second-expansion else-if shortest-stem undefine oneshell archives jobserver output-sync check-symlink load
# environment
XDG_SESSION_DESKTOP = ubuntu
# environment
SSH_AUTH_SOCK = /run/user/1000/keyring/ssh
# automatic
%F = $(notdir $%)
# environment
DISPLAY = :1
# environment
PWD = /home/daelus/Desktop/C++/1
# default
.LOADED := 
# environment
SSH_AGENT_PID = 2266
# environment
ORIGINAL_XDG_CURRENT_DESKTOP = ubuntu:GNOME
# environment
GTK_MODULES = gail:atk-bridge
# environment
VSCODE_AMD_ENTRYPOINT = vs/workbench/api/node/extensionHostProcess
# environment
HOME = /home/daelus
# environment
INSIDE_NAUTILUS_PYTHON = 
# environment
VSCODE_CLI = 1
# environment
VSCODE_CODE_CACHE_PATH = /home/daelus/.config/Code/CachedData/3b889b090b5ad5793f524b5d1d39fda662b96a2a
# environment
LOGNAME = daelus
# environment
APPLICATION_INSIGHTS_NO_DIAGNOSTIC_CHANNEL = 1
# automatic
+F = $(notdir $+)
# environment
ELECTRON_NO_ATTACH_CONSOLE = 1
# environment
VSCODE_HANDLES_UNCAUGHT_ERRORS = true
# environment
GNOME_DESKTOP_SESSION_ID = this-is-deprecated
# automatic
^D = $(patsubst %/,%,$(dir $^))
# environment
LC_TIME = es_CL.UTF-8
# default
MAKE = $(MAKE_COMMAND)
# default
MAKECMDGOALS := all
# environment
QT_IM_MODULE = ibus
# environment
SHLVL = 0
# makefile (from 'makefile', line 5)
CC = g++
# environment
GNOME_SHELL_SESSION_MODE = ubuntu
# default
MAKE_VERSION := 4.2.1
# environment
USER = daelus
# environment
LC_MONETARY = es_CL.UTF-8
# makefile
.DEFAULT_GOAL := all
# environment
XDG_CURRENT_DESKTOP = Unity
# automatic
%D = $(patsubst %/,%,$(dir $%))
# environment
LC_TELEPHONE = es_CL.UTF-8
# default
MAKE_COMMAND := make
# default
.VARIABLES := 
# automatic
*F = $(notdir $*)
# environment
VSCODE_IPC_HOOK = /run/user/1000/vscode-5044b389-1.69.2-main.sock
# makefile
MAKEFLAGS = pqrR
# environment
MFLAGS = -pqrR
# automatic
*D = $(patsubst %/,%,$(dir $*))
# automatic
+D = $(patsubst %/,%,$(dir $+))
# environment
GDK_BACKEND = x11
# environment
LC_PAPER = es_CL.UTF-8
# environment
QT_ACCESSIBILITY = 1
# environment
DEFAULTS_PATH = /usr/share/gconf/ubuntu.default.path
# default
MAKEFILES := 
# environment
LC_NUMERIC = es_CL.UTF-8
# automatic
<F = $(notdir $<)
# environment
LC_MEASUREMENT = es_CL.UTF-8
# environment
LC_ALL = C
# environment
DBUS_STARTER_BUS_TYPE = session
# automatic
^F = $(notdir $^)
# default
SUFFIXES := 
# environment
CHROME_DESKTOP = code-url-handler.desktop
# environment
WINDOWPATH = 2
# default
.INCLUDE_DIRS = /usr/include /usr/local/include /usr/include
# environment
LC_IDENTIFICATION = es_CL.UTF-8
# default
.RECIPEPREFIX := 
# environment
LC_ADDRESS = es_CL.UTF-8
# environment
LANG = C
# environment
VSCODE_PID = 8041
# environment
DBUS_STARTER_ADDRESS = unix:path=/run/user/1000/bus,guid=76b8e36d11fbb204a819554362eec5d7
# variable set hash-table stats:
# Load=104/1024=10%, Rehash=0, Collisions=17/131=13%

# Pattern-specific Variable Values

# No pattern-specific variable values.

# Directories

# . (device 2085, inode 4715157): 11 files, no impossibilities.

# 11 files, no impossibilities in 1 directories.

# Implicit Rules

# No implicit rules.

# Files

1: 1.cpp
#  Implicit rule search has not been done.
#  Implicit/static pattern stem: '1'
#  Last modified 2022-08-06 16:45:38.306850011
#  File has been updated.
#  Successfully updated.
#  recipe to execute (from 'makefile', line 15):
	$(CC) $(CFLAGS) -o $@ $<

2: 2.cpp
#  Implicit rule search has not been done.
#  Implicit/static pattern stem: '2'
#  Last modified 2022-08-06 16:51:22.244208293
#  File has been updated.
#  Successfully updated.
#  recipe to execute (from 'makefile', line 15):
	$(CC) $(CFLAGS) -o $@ $<

3: 3.cpp
#  Implicit rule search has not been done.
#  Implicit/static pattern stem: '3'
#  Last modified 2022-08-06 17:17:57.156540412
#  File has been updated.
#  Successfully updated.
#  recipe to execute (from 'makefile', line 15):
	$(CC) $(CFLAGS) -o $@ $<

all: 1 2 3
#  Command line target.
#  Implicit rule search has been done.
#  File does not exist.
#  File has been updated.
#  Successfully updated.

# Not a target:
makefile:
#  Implicit rule search has been done.
#  Last modified 2022-08-06 17:17:54.736254111
#  File has been updated.
#  Successfully updated.

# Not a target:
2.cpp:
#  Implicit rule search has been done.
 
#  Last modified 2022-08-06 16:51:16.532477058
#  File has been updated.
#  Successfully updated.

# Not a target:
3.cpp:
#  Implicit rule search has been done.
#  Last modified 2022-08-06 17:17:51.139824946
#  File has been updated.
#  Successfully updated.

# Not a target:
.DEFAULT:
#  Implicit rule search has not been done.
#  Modification time never checked.
#  File has not been updated.

# Not a target:
1.cpp:
#  Implicit rule search has been done.
#  Last modified 2022-08-06 16:04:27.847745509
#  File has been updated.
#  Successfully updated.

# files hash-table stats:
# Load=10/1024=1%, Rehash=0, Collisions=4/30=13%
# VPATH Search Paths

# No 'vpath' search paths.

# No general ('VPATH' variable) search path.

# strcache buffers: 1 (0) / strings = 18 / storage = 122 B / avg = 6 B
# current buf: size = 8162 B / used = 122 B / count = 18 / avg = 6 B

# strcache performance: lookups = 39 / hit rate = 53%
# hash-table stats:
# Load=18/8192=0%, Rehash=0, Collisions=6/39=15%
# Finished Make data base on Sat Aug  6 17:18:06 2022

 
